<?xml version="1.0" encoding="UTF-8"?>
<!-- Generated by org.testng.reporters.JUnitXMLReporter -->
<testsuite hostname="PTL-PC" name="Default test" tests="5" failures="0" timestamp="25 Feb 2015 06:13:45 GMT" time="47.861" errors="0">
  <testcase name="enterInmatePersonalDataTest" time="42.117" classname="com.ptl.pims.testcases.InmateRegistrationTest"/>
  <testcase name="enterInmateCalasificationTest" time="0.534" classname="com.ptl.pims.testcases.InmateRegistrationTest"/>
  <testcase name="enterInmateCharacteristicTest" time="1.941" classname="com.ptl.pims.testcases.InmateRegistrationTest"/>
  <testcase name="enterInmateIdentificationTest" time="1.616" classname="com.ptl.pims.testcases.InmateRegistrationTest"/>
  <testcase name="enterInmatecaseTest" time="1.575" classname="com.ptl.pims.testcases.InmateRegistrationTest"/>
</testsuite> <!-- Default test -->
