<?xml version="1.0" encoding="UTF-8"?>
<!-- Generated by org.testng.reporters.JUnitXMLReporter -->
<testsuite hostname="GMAX-PC" name="Default test" tests="2" failures="0" timestamp="24 Feb 2015 08:41:32 GMT" time="165.357" errors="0">
  <testcase name="GoToAllocateLocationPage" time="58.043" classname="com.ptl.pims.testcases.PropertyManagementNewTest"/>
  <testcase name="validatePropertyAdd" time="107.282" classname="com.ptl.pims.testcases.PropertyManagementNewTest"/>
</testsuite> <!-- Default test -->
